<?xml version="1.0" encoding="UTF-8"?>
<!-- Generated by org.testng.reporters.JUnitXMLReporter -->
<testsuite ignored="0" hostname="Gagans-MacBook-Pro.local" failures="0" tests="3" name="t1" time="29.629" errors="0" timestamp="2024-11-25T17:52:40 IST">
  <testcase classname="com.comcast.crm.contacttest.TS_02_CreateContactTest" name="createContactTest" time="4.029"/>
  <testcase classname="com.comcast.crm.contacttest.TS_02_CreateContactTest" name="createContactWithOrganizationTest" time="7.79"/>
  <testcase classname="com.comcast.crm.contacttest.TS_02_CreateContactTest" name="createContactWithSupportDateTest" time="3.923"/>
</testsuite> <!-- t1 -->
