<?xml version="1.0" encoding="UTF-8"?>
<!-- Generated by org.testng.reporters.JUnitXMLReporter -->
<testsuite ignored="0" hostname="Gagans-MacBook-Pro.local" failures="0" tests="3" name="t2" time="25.267" errors="0" timestamp="2024-11-25T17:52:35 IST">
  <testcase classname="com.comcast.crm.orgtest.TS_01_CreateOrganizationTest" name="createOrgTest" time="5.054"/>
  <testcase classname="com.comcast.crm.orgtest.TS_01_CreateOrganizationTest" name="createOrganizationWithPhoneNumberTest" time="3.654"/>
  <testcase classname="com.comcast.crm.orgtest.TS_01_CreateOrganizationTest" name="createOrganizationWithTypeTest" time="3.652"/>
</testsuite> <!-- t2 -->
