<?xml version="1.0" encoding="UTF-8"?>
<!-- Generated by org.testng.reporters.JUnitXMLReporter -->
<testsuite ignored="2" hostname="Gagans-MacBook-Pro.local" failures="0" tests="6" name="tr-2" time="56.245" errors="0" timestamp="2024-11-25T18:33:01 IST">
  <testcase classname="com.comcast.crm.contacttest.TS_02_CreateContactTest" name="createContactTest" time="3.691"/>
  <testcase classname="com.comcast.crm.contacttest.TS_02_CreateContactTest" name="createContactWithOrganizationTest" time="9.013"/>
  <testcase classname="com.comcast.crm.contacttest.TS_02_CreateContactTest" name="createContactWithSupportDateTest" time="3.517"/>
  <testcase classname="com.comcast.crm.orgtest.TS_01_CreateOrganizationTest" name="createOrgTest" time="4.132"/>
  <testcase classname="com.comcast.crm.orgtest.TS_01_CreateOrganizationTest" name="createOrganizationWithPhoneNumberTest" time="4.236"/>
  <testcase classname="com.comcast.crm.orgtest.TS_01_CreateOrganizationTest" name="createOrganizationWithTypeTest" time="4.21"/>
  <testcase classname="com.comcast.crm.basetest.BaseClass" name="@AfterSuite disconnectFromDB" time="0.0">
    <ignored/>
  </testcase> <!-- @AfterSuite disconnectFromDB -->
  <testcase classname="com.comcast.crm.basetest.BaseClass" name="@BeforeSuite connectToDB" time="0.0">
    <ignored/>
  </testcase> <!-- @BeforeSuite connectToDB -->
</testsuite> <!-- tr-2 -->
